0 info it worked if it ends with ok
1 verbose cli [ '/usr/local/bin/node', '/usr/local/bin/npm', 'publish' ]
2 info using npm@1.1.62
3 info using node@v0.8.14
4 verbose publish [ '.' ]
5 verbose read json /Users/josephwegner/Code/node-api/package.json
6 warn package.json node-api@0.0.1 No README.md file found!
7 verbose cache add [ '.', null ]
8 silly cache add name=undefined spec="." args=[".",null]
9 verbose parsed url { pathname: '.', path: '.', href: '.' }
10 silly lockFile 3a52ce78- .
11 verbose lock . /Users/josephwegner/.npm/3a52ce78-.lock
12 verbose read json package.json
13 verbose tar pack [ '/var/folders/9y/bgfz7x6x6qgcdtb8ykc1jbnc0000gn/T/npm-95844/1362083434569-0.5708662497345358/tmp.tgz',
13 verbose tar pack   '.' ]
14 verbose tarball /var/folders/9y/bgfz7x6x6qgcdtb8ykc1jbnc0000gn/T/npm-95844/1362083434569-0.5708662497345358/tmp.tgz
15 verbose folder .
16 info prepublish node-api@0.0.1
17 silly lockFile e4e295bb-34569-0-5708662497345358-tmp-tgz /var/folders/9y/bgfz7x6x6qgcdtb8ykc1jbnc0000gn/T/npm-95844/1362083434569-0.5708662497345358/tmp.tgz
18 verbose lock /var/folders/9y/bgfz7x6x6qgcdtb8ykc1jbnc0000gn/T/npm-95844/1362083434569-0.5708662497345358/tmp.tgz /Users/josephwegner/.npm/e4e295bb-34569-0-5708662497345358-tmp-tgz.lock
19 silly lockFile e4e295bb-34569-0-5708662497345358-tmp-tgz /var/folders/9y/bgfz7x6x6qgcdtb8ykc1jbnc0000gn/T/npm-95844/1362083434569-0.5708662497345358/tmp.tgz
20 verbose tar unpack /var/folders/9y/bgfz7x6x6qgcdtb8ykc1jbnc0000gn/T/npm-95844/1362083434569-0.5708662497345358/tmp.tgz
21 silly lockFile 67646743-34569-0-5708662497345358-package /var/folders/9y/bgfz7x6x6qgcdtb8ykc1jbnc0000gn/T/npm-95844/1362083434569-0.5708662497345358/package
22 verbose lock /var/folders/9y/bgfz7x6x6qgcdtb8ykc1jbnc0000gn/T/npm-95844/1362083434569-0.5708662497345358/package /Users/josephwegner/.npm/67646743-34569-0-5708662497345358-package.lock
23 silly gunzTarPerm modes [ '755', '644' ]
24 silly gunzTarPerm extractEntry package.json
25 silly gunzTarPerm extractEntry .npmignore
26 silly gunzTarPerm extractEntry README.md
27 silly gunzTarPerm extractEntry index.js
28 silly gunzTarPerm extractEntry lib/Controller.js
29 silly gunzTarPerm extractEntry lib/Model.js
30 silly gunzTarPerm extractEntry lib/node-api.js
31 silly gunzTarPerm extractEntry test/simpleAPI.js
32 silly gunzTarPerm extractEntry test/simple/index.js
33 silly gunzTarPerm extractEntry test/simple/controllers/object.js
34 silly gunzTarPerm extractEntry test/simple/models/object.js
35 verbose read json /var/folders/9y/bgfz7x6x6qgcdtb8ykc1jbnc0000gn/T/npm-95844/1362083434569-0.5708662497345358/package/package.json
36 silly lockFile 67646743-34569-0-5708662497345358-package /var/folders/9y/bgfz7x6x6qgcdtb8ykc1jbnc0000gn/T/npm-95844/1362083434569-0.5708662497345358/package
37 verbose from cache /var/folders/9y/bgfz7x6x6qgcdtb8ykc1jbnc0000gn/T/npm-95844/1362083434569-0.5708662497345358/package/package.json
38 verbose tar pack [ '/Users/josephwegner/.npm/node-api/0.0.1/package.tgz',
38 verbose tar pack   '/var/folders/9y/bgfz7x6x6qgcdtb8ykc1jbnc0000gn/T/npm-95844/1362083434569-0.5708662497345358/package' ]
39 verbose tarball /Users/josephwegner/.npm/node-api/0.0.1/package.tgz
40 verbose folder /var/folders/9y/bgfz7x6x6qgcdtb8ykc1jbnc0000gn/T/npm-95844/1362083434569-0.5708662497345358/package
41 silly lockFile b173fcad-r-npm-node-api-0-0-1-package-tgz /Users/josephwegner/.npm/node-api/0.0.1/package.tgz
42 verbose lock /Users/josephwegner/.npm/node-api/0.0.1/package.tgz /Users/josephwegner/.npm/b173fcad-r-npm-node-api-0-0-1-package-tgz.lock
43 silly lockFile b173fcad-r-npm-node-api-0-0-1-package-tgz /Users/josephwegner/.npm/node-api/0.0.1/package.tgz
44 silly lockFile cd90ec38-egner-npm-node-api-0-0-1-package /Users/josephwegner/.npm/node-api/0.0.1/package
45 verbose lock /Users/josephwegner/.npm/node-api/0.0.1/package /Users/josephwegner/.npm/cd90ec38-egner-npm-node-api-0-0-1-package.lock
46 silly lockFile cd90ec38-egner-npm-node-api-0-0-1-package /Users/josephwegner/.npm/node-api/0.0.1/package
47 verbose tar unpack /Users/josephwegner/.npm/node-api/0.0.1/package.tgz
48 silly lockFile cd90ec38-egner-npm-node-api-0-0-1-package /Users/josephwegner/.npm/node-api/0.0.1/package
49 verbose lock /Users/josephwegner/.npm/node-api/0.0.1/package /Users/josephwegner/.npm/cd90ec38-egner-npm-node-api-0-0-1-package.lock
50 silly gunzTarPerm modes [ '755', '644' ]
51 silly gunzTarPerm extractEntry package.json
52 silly gunzTarPerm extractEntry .npmignore
53 silly gunzTarPerm extractEntry README.md
54 silly gunzTarPerm extractEntry index.js
55 silly gunzTarPerm extractEntry lib/Controller.js
56 silly gunzTarPerm extractEntry lib/Model.js
57 silly gunzTarPerm extractEntry lib/node-api.js
58 silly gunzTarPerm extractEntry test/simpleAPI.js
59 silly gunzTarPerm extractEntry test/simple/index.js
60 silly gunzTarPerm extractEntry test/simple/controllers/object.js
61 silly gunzTarPerm extractEntry test/simple/models/object.js
62 verbose read json /Users/josephwegner/.npm/node-api/0.0.1/package/package.json
63 silly lockFile cd90ec38-egner-npm-node-api-0-0-1-package /Users/josephwegner/.npm/node-api/0.0.1/package
64 silly shasum updated bytes 4380
65 info shasum d3fd77f4c8bbf2b4380bb2478cb5ebd5e9e9d683
65 info shasum /Users/josephwegner/.npm/node-api/0.0.1/package.tgz
66 verbose from cache /Users/josephwegner/.npm/node-api/0.0.1/package/package.json
67 verbose chmod /Users/josephwegner/.npm/node-api/0.0.1/package.tgz 644
68 verbose chown /Users/josephwegner/.npm/node-api/0.0.1/package.tgz [ 501, 20 ]
69 silly lockFile 3a52ce78- .
70 silly publish { name: 'node-api',
70 silly publish   version: '0.0.1',
70 silly publish   description: 'A Node.js API Scaffolding Library',
70 silly publish   keywords:
70 silly publish    [ 'node',
70 silly publish      'api',
70 silly publish      'scaffolding',
70 silly publish      'routing',
70 silly publish      'routes',
70 silly publish      'controller',
70 silly publish      'action',
70 silly publish      'model' ],
70 silly publish   dependencies: {},
70 silly publish   devDependencies: { mocha: '~1.8' },
70 silly publish   engines: { node: '~0.8' },
70 silly publish   bugs:
70 silly publish    { url: 'https://github.com/josephwegner/node-api/issues',
70 silly publish      email: 'joe@wegnerdesign.com' },
70 silly publish   scripts: { start: 'node index.js' },
70 silly publish   repository: { type: 'git', url: 'https://github.com/josephwegner/node-api' },
70 silly publish   contributors:
70 silly publish    [ { name: 'Joe Wegner',
70 silly publish        email: 'joe@wegnerdesign.com',
70 silly publish        url: 'http://www.wegnerdesign.com' } ],
70 silly publish   readme: 'ERROR: No README.md file found!',
70 silly publish   _id: 'node-api@0.0.1',
70 silly publish   dist: { shasum: 'd3fd77f4c8bbf2b4380bb2478cb5ebd5e9e9d683' } }
71 verbose url raw node-api
72 verbose url resolving [ 'https://registry.npmjs.org/', './node-api' ]
73 verbose url resolved https://registry.npmjs.org/node-api
74 info trying registry request attempt 1 at 14:30:34
75 http PUT https://registry.npmjs.org/node-api
76 http 409 https://registry.npmjs.org/node-api
77 verbose url raw node-api
78 verbose url resolving [ 'https://registry.npmjs.org/', './node-api' ]
79 verbose url resolved https://registry.npmjs.org/node-api
80 info trying registry request attempt 1 at 14:30:35
81 http GET https://registry.npmjs.org/node-api
82 http 200 https://registry.npmjs.org/node-api
83 error publish fail Cannot publish over existing version.
83 error publish fail Bump the 'version' field, set the --force flag, or
83 error publish fail     npm unpublish 'node-api@0.0.1'
83 error publish fail and try again
84 error System Darwin 12.2.1
85 error command "/usr/local/bin/node" "/usr/local/bin/npm" "publish"
86 error cwd /Users/josephwegner/Code/node-api
87 error node -v v0.8.14
88 error npm -v 1.1.62
89 error code EPUBLISHCONFLICT
90 verbose exit [ 1, true ]
